<?xml version="1.0" encoding="UTF-8"?>
<!-- Generated by org.testng.reporters.JUnitXMLReporter -->
<testsuite ignored="6" hostname="Vaibhavs-MacBook-Air.local" failures="0" tests="3" name="SmokeTests" time="15.327" errors="0" timestamp="2026-06-12T16:33:25 IST">
  <testcase classname="com.eventmgmt.tests.LoginTest" name="testValidLogin" time="3.656"/>
  <testcase classname="com.eventmgmt.tests.DashboardTest" name="testDashboardValidation" time="4.667"/>
  <testcase classname="com.eventmgmt.tests.LogoutTest" name="testLogoutReturnsToLoginPage" time="7.388"/>
  <testcase classname="com.eventmgmt.base.BaseTest" name="@BeforeSuite suiteSetup" time="0.0">
    <ignored/>
  </testcase> <!-- @BeforeSuite suiteSetup -->
  <testcase classname="com.eventmgmt.base.BaseTest" name="@AfterSuite suiteTeardown" time="0.0">
    <ignored/>
  </testcase> <!-- @AfterSuite suiteTeardown -->
  <testcase classname="com.eventmgmt.tests.LoginTest" name="testEmptyFields" time="0.0">
    <ignored/>
  </testcase> <!-- testEmptyFields -->
  <testcase classname="com.eventmgmt.base.BaseTest" name="@BeforeSuite suiteSetup" time="0.0">
    <ignored/>
  </testcase> <!-- @BeforeSuite suiteSetup -->
  <testcase classname="com.eventmgmt.base.BaseTest" name="@AfterSuite suiteTeardown" time="0.0">
    <ignored/>
  </testcase> <!-- @AfterSuite suiteTeardown -->
  <testcase classname="com.eventmgmt.tests.LoginTest" name="testInvalidLogin" time="0.0">
    <ignored/>
  </testcase> <!-- testInvalidLogin -->
</testsuite> <!-- SmokeTests -->
